1637826471904	geckodriver	INFO	Listening on 127.0.0.1:53731
1637826472911	mozrunner::runner	INFO	Running command: "/usr/bin/firefox" "--marionette" "--headless" "-foreground" "-no-remote" "-profile" "/tmp/rust_mozprofileT2msgR"
*** You are running in headless mode.

(firefox:1274065): GLib-GObject-WARNING **: 02:47:53.179: invalid (NULL) pointer instance

(firefox:1274065): GLib-GObject-CRITICAL **: 02:47:53.179: g_signal_connect_data: assertion 'G_TYPE_CHECK_INSTANCE (instance)' failed

(/usr/lib/firefox/firefox:1274182): GLib-GObject-WARNING **: 02:47:53.581: invalid (NULL) pointer instance

(/usr/lib/firefox/firefox:1274182): GLib-GObject-CRITICAL **: 02:47:53.581: g_signal_connect_data: assertion 'G_TYPE_CHECK_INSTANCE (instance)' failed

(/usr/lib/firefox/firefox:1274203): GLib-GObject-WARNING **: 02:47:53.677: invalid (NULL) pointer instance

(/usr/lib/firefox/firefox:1274203): GLib-GObject-CRITICAL **: 02:47:53.677: g_signal_connect_data: assertion 'G_TYPE_CHECK_INSTANCE (instance)' failed
console.warn: SearchSettings: "get: No settings file exists, new profile?" (new Error("", "(unknown module)"))

(/usr/lib/firefox/firefox:1274285): GLib-GObject-WARNING **: 02:47:54.795: invalid (NULL) pointer instance

(/usr/lib/firefox/firefox:1274285): GLib-GObject-CRITICAL **: 02:47:54.795: g_signal_connect_data: assertion 'G_TYPE_CHECK_INSTANCE (instance)' failed
1637826474821	Marionette	INFO	Listening on port 38517
1637826474938	Marionette	WARN	TLS certificate errors will be ignored for this session
console.log: WebExtensions: reset-default-search: No addons in our list are installed.
Exiting due to channel error.
Exiting due to channel error.
Exiting due to channel error.
1637992079112	geckodriver	INFO	Listening on 127.0.0.1:32917
1637992079116	mozrunner::runner	INFO	Running command: "/usr/bin/firefox" "--marionette" "--headless" "-foreground" "-no-remote" "-profile" "/tmp/rust_mozprofilePGIA8o"
*** You are running in headless mode.

(firefox:1950600): GLib-GObject-WARNING **: 00:47:59.392: invalid (NULL) pointer instance

(firefox:1950600): GLib-GObject-CRITICAL **: 00:47:59.392: g_signal_connect_data: assertion 'G_TYPE_CHECK_INSTANCE (instance)' failed

(/usr/lib/firefox/firefox:1950738): GLib-GObject-WARNING **: 00:47:59.790: invalid (NULL) pointer instance

(/usr/lib/firefox/firefox:1950738): GLib-GObject-CRITICAL **: 00:47:59.790: g_signal_connect_data: assertion 'G_TYPE_CHECK_INSTANCE (instance)' failed

(/usr/lib/firefox/firefox:1950760): GLib-GObject-WARNING **: 00:47:59.901: invalid (NULL) pointer instance

(/usr/lib/firefox/firefox:1950760): GLib-GObject-CRITICAL **: 00:47:59.901: g_signal_connect_data: assertion 'G_TYPE_CHECK_INSTANCE (instance)' failed
console.warn: SearchSettings: "get: No settings file exists, new profile?" (new Error("", "(unknown module)"))

(/usr/lib/firefox/firefox:1950859): GLib-GObject-WARNING **: 00:48:00.868: invalid (NULL) pointer instance

(/usr/lib/firefox/firefox:1950859): GLib-GObject-CRITICAL **: 00:48:00.868: g_signal_connect_data: assertion 'G_TYPE_CHECK_INSTANCE (instance)' failed
1637992080869	Marionette	INFO	Listening on port 37139
1637992080943	Marionette	WARN	TLS certificate errors will be ignored for this session
console.log: WebExtensions: reset-default-search: No addons in our list are installed.
1638003564729	geckodriver	INFO	Listening on 127.0.0.1:53305
1638003564733	mozrunner::runner	INFO	Running command: "/usr/bin/firefox" "--marionette" "--headless" "-foreground" "-no-remote" "-profile" "/tmp/rust_mozprofilev8C740"
*** You are running in headless mode.

(firefox:2027254): GLib-GObject-WARNING **: 03:59:24.997: invalid (NULL) pointer instance

(firefox:2027254): GLib-GObject-CRITICAL **: 03:59:24.998: g_signal_connect_data: assertion 'G_TYPE_CHECK_INSTANCE (instance)' failed

(/usr/lib/firefox/firefox:2027391): GLib-GObject-WARNING **: 03:59:25.414: invalid (NULL) pointer instance

(/usr/lib/firefox/firefox:2027391): GLib-GObject-CRITICAL **: 03:59:25.414: g_signal_connect_data: assertion 'G_TYPE_CHECK_INSTANCE (instance)' failed

(/usr/lib/firefox/firefox:2027413): GLib-GObject-WARNING **: 03:59:25.530: invalid (NULL) pointer instance

(/usr/lib/firefox/firefox:2027413): GLib-GObject-CRITICAL **: 03:59:25.530: g_signal_connect_data: assertion 'G_TYPE_CHECK_INSTANCE (instance)' failed
console.warn: SearchSettings: "get: No settings file exists, new profile?" (new Error("", "(unknown module)"))

(/usr/lib/firefox/firefox:2027493): GLib-GObject-WARNING **: 03:59:26.425: invalid (NULL) pointer instance

(/usr/lib/firefox/firefox:2027493): GLib-GObject-CRITICAL **: 03:59:26.425: g_signal_connect_data: assertion 'G_TYPE_CHECK_INSTANCE (instance)' failed
1638003566430	Marionette	INFO	Listening on port 46439
1638003566468	Marionette	WARN	TLS certificate errors will be ignored for this session
console.log: WebExtensions: reset-default-search: No addons in our list are installed.
Exiting due to channel error.
Exiting due to channel error.
Exiting due to channel error.
1638560168805	geckodriver	INFO	Listening on 127.0.0.1:56259
1638560168809	mozrunner::runner	INFO	Running command: "/usr/bin/firefox" "--marionette" "--headless" "-foreground" "-no-remote" "-profile" "/tmp/rust_mozprofilef2Mbus"
*** You are running in headless mode.

(firefox:3397734): GLib-GObject-WARNING **: 14:36:09.086: invalid (NULL) pointer instance

(firefox:3397734): GLib-GObject-CRITICAL **: 14:36:09.086: g_signal_connect_data: assertion 'G_TYPE_CHECK_INSTANCE (instance)' failed

(/usr/lib/firefox/firefox:3397850): GLib-GObject-WARNING **: 14:36:09.512: invalid (NULL) pointer instance

(/usr/lib/firefox/firefox:3397850): GLib-GObject-CRITICAL **: 14:36:09.512: g_signal_connect_data: assertion 'G_TYPE_CHECK_INSTANCE (instance)' failed

(/usr/lib/firefox/firefox:3397871): GLib-GObject-WARNING **: 14:36:09.618: invalid (NULL) pointer instance

(/usr/lib/firefox/firefox:3397871): GLib-GObject-CRITICAL **: 14:36:09.619: g_signal_connect_data: assertion 'G_TYPE_CHECK_INSTANCE (instance)' failed
console.warn: SearchSettings: "get: No settings file exists, new profile?" (new Error("", "(unknown module)"))

(/usr/lib/firefox/firefox:3397951): GLib-GObject-WARNING **: 14:36:10.522: invalid (NULL) pointer instance

(/usr/lib/firefox/firefox:3397951): GLib-GObject-CRITICAL **: 14:36:10.522: g_signal_connect_data: assertion 'G_TYPE_CHECK_INSTANCE (instance)' failed
1638560170527	Marionette	INFO	Listening on port 45885
1638560170644	Marionette	WARN	TLS certificate errors will be ignored for this session
console.log: WebExtensions: reset-default-search: No addons in our list are installed.
Exiting due to channel error.
Exiting due to channel error.
Exiting due to channel error.
1638562993149	geckodriver	INFO	Listening on 127.0.0.1:59385
1638562994157	mozrunner::runner	INFO	Running command: "/usr/bin/firefox" "--marionette" "--headless" "-foreground" "-no-remote" "-profile" "/tmp/rust_mozprofilePRalJT"
*** You are running in headless mode.

(firefox:3481992): GLib-GObject-WARNING **: 15:23:14.601: invalid (NULL) pointer instance

(firefox:3481992): GLib-GObject-CRITICAL **: 15:23:14.602: g_signal_connect_data: assertion 'G_TYPE_CHECK_INSTANCE (instance)' failed

(/usr/lib/firefox/firefox:3482107): GLib-GObject-WARNING **: 15:23:15.234: invalid (NULL) pointer instance

(/usr/lib/firefox/firefox:3482107): GLib-GObject-CRITICAL **: 15:23:15.235: g_signal_connect_data: assertion 'G_TYPE_CHECK_INSTANCE (instance)' failed

(/usr/lib/firefox/firefox:3482133): GLib-GObject-WARNING **: 15:23:15.367: invalid (NULL) pointer instance

(/usr/lib/firefox/firefox:3482133): GLib-GObject-CRITICAL **: 15:23:15.368: g_signal_connect_data: assertion 'G_TYPE_CHECK_INSTANCE (instance)' failed
console.warn: SearchSettings: "get: No settings file exists, new profile?" (new Error("", "(unknown module)"))

(/usr/lib/firefox/firefox:3482207): GLib-GObject-WARNING **: 15:23:16.374: invalid (NULL) pointer instance

(/usr/lib/firefox/firefox:3482207): GLib-GObject-CRITICAL **: 15:23:16.374: g_signal_connect_data: assertion 'G_TYPE_CHECK_INSTANCE (instance)' failed
1638562996390	Marionette	INFO	Listening on port 46205
1638562996490	Marionette	WARN	TLS certificate errors will be ignored for this session
console.log: WebExtensions: reset-default-search: No addons in our list are installed.
Exiting due to channel error.
Exiting due to channel error.
Exiting due to channel error.
1638569229323	geckodriver	INFO	Listening on 127.0.0.1:49931
1638569229327	mozrunner::runner	INFO	Running command: "/usr/bin/firefox" "--marionette" "--headless" "-foreground" "-no-remote" "-profile" "/tmp/rust_mozprofileKe0puq"
*** You are running in headless mode.

(firefox:3530711): GLib-GObject-WARNING **: 17:07:09.608: invalid (NULL) pointer instance

(firefox:3530711): GLib-GObject-CRITICAL **: 17:07:09.608: g_signal_connect_data: assertion 'G_TYPE_CHECK_INSTANCE (instance)' failed

(/usr/lib/firefox/firefox:3530841): GLib-GObject-WARNING **: 17:07:10.063: invalid (NULL) pointer instance

(/usr/lib/firefox/firefox:3530841): GLib-GObject-CRITICAL **: 17:07:10.063: g_signal_connect_data: assertion 'G_TYPE_CHECK_INSTANCE (instance)' failed

(/usr/lib/firefox/firefox:3530862): GLib-GObject-WARNING **: 17:07:10.170: invalid (NULL) pointer instance

(/usr/lib/firefox/firefox:3530862): GLib-GObject-CRITICAL **: 17:07:10.170: g_signal_connect_data: assertion 'G_TYPE_CHECK_INSTANCE (instance)' failed
console.warn: SearchSettings: "get: No settings file exists, new profile?" (new Error("", "(unknown module)"))

(/usr/lib/firefox/firefox:3530944): GLib-GObject-WARNING **: 17:07:11.226: invalid (NULL) pointer instance

(/usr/lib/firefox/firefox:3530944): GLib-GObject-CRITICAL **: 17:07:11.226: g_signal_connect_data: assertion 'G_TYPE_CHECK_INSTANCE (instance)' failed
1638569231238	Marionette	INFO	Listening on port 36537
1638569231355	Marionette	WARN	TLS certificate errors will be ignored for this session
console.log: WebExtensions: reset-default-search: No addons in our list are installed.
Exiting due to channel error.
Exiting due to channel error.
Exiting due to channel error.
1638572037069	geckodriver	INFO	Listening on 127.0.0.1:49561
1638572038074	mozrunner::runner	INFO	Running command: "/usr/bin/firefox" "--marionette" "--headless" "-foreground" "-no-remote" "-profile" "/tmp/rust_mozprofileIUfuvP"
*** You are running in headless mode.

(firefox:3611835): GLib-GObject-WARNING **: 17:53:58.338: invalid (NULL) pointer instance

(firefox:3611835): GLib-GObject-CRITICAL **: 17:53:58.338: g_signal_connect_data: assertion 'G_TYPE_CHECK_INSTANCE (instance)' failed

(/usr/lib/firefox/firefox:3611960): GLib-GObject-WARNING **: 17:53:58.773: invalid (NULL) pointer instance

(/usr/lib/firefox/firefox:3611960): GLib-GObject-CRITICAL **: 17:53:58.774: g_signal_connect_data: assertion 'G_TYPE_CHECK_INSTANCE (instance)' failed

(/usr/lib/firefox/firefox:3611981): GLib-GObject-WARNING **: 17:53:58.873: invalid (NULL) pointer instance

(/usr/lib/firefox/firefox:3611981): GLib-GObject-CRITICAL **: 17:53:58.873: g_signal_connect_data: assertion 'G_TYPE_CHECK_INSTANCE (instance)' failed
console.warn: SearchSettings: "get: No settings file exists, new profile?" (new Error("", "(unknown module)"))

(/usr/lib/firefox/firefox:3612062): GLib-GObject-WARNING **: 17:53:59.795: invalid (NULL) pointer instance

(/usr/lib/firefox/firefox:3612062): GLib-GObject-CRITICAL **: 17:53:59.796: g_signal_connect_data: assertion 'G_TYPE_CHECK_INSTANCE (instance)' failed
1638572039799	Marionette	INFO	Listening on port 41575
1638572039900	Marionette	WARN	TLS certificate errors will be ignored for this session
console.log: WebExtensions: reset-default-search: No addons in our list are installed.
Exiting due to channel error.
Exiting due to channel error.
Exiting due to channel error.
